02-07-2024 15:23:44.82 - INFO - Started validation of input parameters...
02-07-2024 15:23:44.82 - INFO - Completed validation of input parameters
02-07-2024 15:23:44.82 - INFO - Started handling of duplicates... Method: "AUTO"
02-07-2024 15:23:44.82 - DEBUG - 0 missing values found
02-07-2024 15:23:44.82 - INFO - Completed handling of duplicates in 0.004162 seconds
02-07-2024 15:23:44.82 - INFO - Started handling of missing values...
02-07-2024 15:23:44.82 - INFO - Found a total of 2887 missing value(s)
02-07-2024 15:23:44.82 - INFO - Started handling of NUMERICAL missing values... Method: "AUTO"
02-07-2024 15:23:44.83 - DEBUG - LINREG imputation of 5 value(s) succeeded for feature "Bathrooms"
02-07-2024 15:23:44.84 - DEBUG - LINREG imputation of 4 value(s) succeeded for feature "Bedrooms"
02-07-2024 15:23:44.85 - DEBUG - LINREG imputation of 8 value(s) succeeded for feature "Beds"
02-07-2024 15:23:44.87 - DEBUG - LINREG imputation of 6 value(s) succeeded for feature "LocationName"
02-07-2024 15:23:44.88 - DEBUG - LINREG imputation of 8 value(s) succeeded for feature "NumGuests"
02-07-2024 15:23:44.89 - DEBUG - LINREG imputation of 12 value(s) succeeded for feature "NumReviews"
02-07-2024 15:23:44.90 - DEBUG - LINREG imputation of 7 value(s) succeeded for feature "Price"
02-07-2024 15:23:44.92 - DEBUG - LINREG imputation of 5 value(s) succeeded for feature "Rating"
02-07-2024 15:23:44.94 - DEBUG - LINREG imputation of 10 value(s) succeeded for feature "zipcode"
02-07-2024 15:23:44.95 - DEBUG - LINREG imputation of 6 value(s) succeeded for feature "pop2016"
02-07-2024 15:23:44.97 - DEBUG - LINREG imputation of 8 value(s) succeeded for feature "pop2010"
02-07-2024 15:23:44.98 - DEBUG - LINREG imputation of 7 value(s) succeeded for feature "pop2000"
02-07-2024 15:23:45.00 - DEBUG - LINREG imputation of 5 value(s) succeeded for feature "cost_living_index_US_avg__100"
02-07-2024 15:23:45.01 - DEBUG - LINREG imputation of 4 value(s) succeeded for feature "land_area_sqmi"
02-07-2024 15:23:45.04 - DEBUG - LINREG imputation of 8 value(s) succeeded for feature "water_area_sqmi"
02-07-2024 15:23:45.06 - DEBUG - LINREG imputation of 7 value(s) succeeded for feature "pop_density_people_per_mile"
02-07-2024 15:23:45.08 - DEBUG - LINREG imputation of 3 value(s) succeeded for feature "median_house_value"
02-07-2024 15:23:45.10 - DEBUG - LINREG imputation of 8 value(s) succeeded for feature "median_monthly_owner_costs_with_mortgage"
02-07-2024 15:23:45.12 - DEBUG - LINREG imputation of 6 value(s) succeeded for feature "median_gross_rent"
02-07-2024 15:23:45.14 - DEBUG - LINREG imputation of 4 value(s) succeeded for feature "median_asking_price_for_vacant_for-sale_homecondo"
02-07-2024 15:23:45.17 - DEBUG - LINREG imputation of 2 value(s) succeeded for feature "Number_of_Homes"
02-07-2024 15:23:45.19 - DEBUG - LINREG imputation of 10 value(s) succeeded for feature "Count_of_Abnb"
02-07-2024 15:23:45.21 - DEBUG - LINREG imputation of 9 value(s) succeeded for feature "Density_of_Abnb"
02-07-2024 15:23:45.22 - DEBUG - KNN imputation of 129 value(s) succeeded for feature "Bathrooms"
02-07-2024 15:23:45.23 - DEBUG - KNN imputation of 107 value(s) succeeded for feature "Bedrooms"
02-07-2024 15:23:45.23 - DEBUG - KNN imputation of 125 value(s) succeeded for feature "Beds"
02-07-2024 15:23:45.24 - DEBUG - KNN imputation of 134 value(s) succeeded for feature "LocationName"
02-07-2024 15:23:45.24 - DEBUG - KNN imputation of 116 value(s) succeeded for feature "NumGuests"
02-07-2024 15:23:45.25 - DEBUG - KNN imputation of 134 value(s) succeeded for feature "NumReviews"
02-07-2024 15:23:45.25 - DEBUG - KNN imputation of 117 value(s) succeeded for feature "Price"
02-07-2024 15:23:45.26 - DEBUG - KNN imputation of 100 value(s) succeeded for feature "Rating"
02-07-2024 15:23:45.27 - DEBUG - KNN imputation of 124 value(s) succeeded for feature "zipcode"
02-07-2024 15:23:45.27 - DEBUG - KNN imputation of 93 value(s) succeeded for feature "pop2016"
02-07-2024 15:23:45.28 - DEBUG - KNN imputation of 109 value(s) succeeded for feature "pop2010"
02-07-2024 15:23:45.28 - DEBUG - KNN imputation of 128 value(s) succeeded for feature "pop2000"
02-07-2024 15:23:45.29 - DEBUG - KNN imputation of 111 value(s) succeeded for feature "cost_living_index_US_avg__100"
02-07-2024 15:23:45.29 - DEBUG - KNN imputation of 135 value(s) succeeded for feature "land_area_sqmi"
02-07-2024 15:23:45.30 - DEBUG - KNN imputation of 123 value(s) succeeded for feature "water_area_sqmi"
02-07-2024 15:23:45.30 - DEBUG - KNN imputation of 116 value(s) succeeded for feature "pop_density_people_per_mile"
02-07-2024 15:23:45.31 - DEBUG - KNN imputation of 102 value(s) succeeded for feature "median_house_value"
02-07-2024 15:23:45.31 - DEBUG - KNN imputation of 129 value(s) succeeded for feature "median_monthly_owner_costs_with_mortgage"
02-07-2024 15:23:45.32 - DEBUG - KNN imputation of 125 value(s) succeeded for feature "median_gross_rent"
02-07-2024 15:23:45.32 - DEBUG - KNN imputation of 122 value(s) succeeded for feature "median_asking_price_for_vacant_for-sale_homecondo"
02-07-2024 15:23:45.33 - DEBUG - KNN imputation of 111 value(s) succeeded for feature "Number_of_Homes"
02-07-2024 15:23:45.34 - DEBUG - KNN imputation of 122 value(s) succeeded for feature "Count_of_Abnb"
02-07-2024 15:23:45.34 - DEBUG - KNN imputation of 123 value(s) succeeded for feature "Density_of_Abnb"
02-07-2024 15:23:45.34 - INFO - Started handling of CATEGORICAL missing values... Method: "AUTO"
02-07-2024 15:23:45.34 - INFO - Completed handling of missing values in 0.520435 seconds
02-07-2024 15:23:45.34 - INFO - Started handling of outliers... Method: "WINZ"
02-07-2024 15:23:45.36 - DEBUG - Outlier imputation of 37 value(s) succeeded for feature "Bathrooms"
02-07-2024 15:23:45.38 - DEBUG - Outlier imputation of 54 value(s) succeeded for feature "Bedrooms"
02-07-2024 15:23:45.41 - DEBUG - Outlier imputation of 72 value(s) succeeded for feature "Beds"
02-07-2024 15:23:45.48 - DEBUG - Outlier imputation of 171 value(s) succeeded for feature "LocationName"
02-07-2024 15:23:45.52 - DEBUG - Outlier imputation of 101 value(s) succeeded for feature "NumGuests"
02-07-2024 15:23:45.57 - DEBUG - Outlier imputation of 106 value(s) succeeded for feature "NumReviews"
02-07-2024 15:23:45.60 - DEBUG - Outlier imputation of 73 value(s) succeeded for feature "Price"
02-07-2024 15:23:45.71 - DEBUG - Outlier imputation of 257 value(s) succeeded for feature "zipcode"
02-07-2024 15:23:45.78 - DEBUG - Outlier imputation of 170 value(s) succeeded for feature "pop2016"
02-07-2024 15:23:45.84 - DEBUG - Outlier imputation of 128 value(s) succeeded for feature "pop2010"
02-07-2024 15:23:45.88 - DEBUG - Outlier imputation of 77 value(s) succeeded for feature "pop2000"
02-07-2024 15:23:46.00 - DEBUG - Outlier imputation of 265 value(s) succeeded for feature "cost_living_index_US_avg__100"
02-07-2024 15:23:46.05 - DEBUG - Outlier imputation of 80 value(s) succeeded for feature "land_area_sqmi"
02-07-2024 15:23:46.09 - DEBUG - Outlier imputation of 103 value(s) succeeded for feature "water_area_sqmi"
02-07-2024 15:23:46.14 - DEBUG - Outlier imputation of 94 value(s) succeeded for feature "pop_density_people_per_mile"
02-07-2024 15:23:46.15 - DEBUG - Outlier imputation of 34 value(s) succeeded for feature "median_house_value"
02-07-2024 15:23:46.22 - DEBUG - Outlier imputation of 141 value(s) succeeded for feature "median_monthly_owner_costs_with_mortgage"
02-07-2024 15:23:46.31 - DEBUG - Outlier imputation of 193 value(s) succeeded for feature "median_gross_rent"
02-07-2024 15:23:46.38 - DEBUG - Outlier imputation of 141 value(s) succeeded for feature "median_asking_price_for_vacant_for-sale_homecondo"
02-07-2024 15:23:46.45 - DEBUG - Outlier imputation of 172 value(s) succeeded for feature "Number_of_Homes"
02-07-2024 15:23:46.46 - DEBUG - Outlier imputation of 25 value(s) succeeded for feature "Count_of_Abnb"
02-07-2024 15:23:46.48 - DEBUG - Outlier imputation of 46 value(s) succeeded for feature "Density_of_Abnb"
02-07-2024 15:23:46.48 - INFO - Completed handling of outliers in 1.139127 seconds
02-07-2024 15:23:46.48 - INFO - Started conversion of DATETIME features... Granularity: s
02-07-2024 15:23:46.48 - INFO - Completed conversion of DATETIME features in 0.0005 seconds
02-07-2024 15:23:46.48 - INFO - Started encoding categorical features... Method: "AUTO"
02-07-2024 15:23:46.48 - INFO - Completed encoding of categorical features in 1e-06 seconds
02-07-2024 15:23:46.48 - INFO - Started feature type conversion...
02-07-2024 15:23:46.48 - DEBUG - Conversion to type FLOAT succeeded for feature "Bathrooms"
02-07-2024 15:23:46.49 - DEBUG - Conversion to type FLOAT succeeded for feature "Bedrooms"
02-07-2024 15:23:46.49 - DEBUG - Conversion to type FLOAT succeeded for feature "Beds"
02-07-2024 15:23:46.49 - DEBUG - Conversion to type FLOAT succeeded for feature "LocationName"
02-07-2024 15:23:46.49 - DEBUG - Conversion to type FLOAT succeeded for feature "NumGuests"
02-07-2024 15:23:46.49 - DEBUG - Conversion to type FLOAT succeeded for feature "NumReviews"
02-07-2024 15:23:46.49 - DEBUG - Conversion to type FLOAT succeeded for feature "Price"
02-07-2024 15:23:46.50 - DEBUG - Conversion to type FLOAT succeeded for feature "Rating"
02-07-2024 15:23:46.50 - DEBUG - Conversion to type FLOAT succeeded for feature "zipcode"
02-07-2024 15:23:46.50 - DEBUG - Conversion to type FLOAT succeeded for feature "pop2016"
02-07-2024 15:23:46.50 - DEBUG - Conversion to type FLOAT succeeded for feature "pop2010"
02-07-2024 15:23:46.50 - DEBUG - Conversion to type FLOAT succeeded for feature "pop2000"
02-07-2024 15:23:46.50 - DEBUG - Conversion to type FLOAT succeeded for feature "cost_living_index_US_avg__100"
02-07-2024 15:23:46.50 - DEBUG - Conversion to type FLOAT succeeded for feature "land_area_sqmi"
02-07-2024 15:23:46.50 - DEBUG - Conversion to type FLOAT succeeded for feature "water_area_sqmi"
02-07-2024 15:23:46.51 - DEBUG - Conversion to type FLOAT succeeded for feature "pop_density_people_per_mile"
02-07-2024 15:23:46.51 - DEBUG - Conversion to type FLOAT succeeded for feature "median_house_value"
02-07-2024 15:23:46.51 - DEBUG - Conversion to type FLOAT succeeded for feature "median_monthly_owner_costs_with_mortgage"
02-07-2024 15:23:46.51 - DEBUG - Conversion to type FLOAT succeeded for feature "median_gross_rent"
02-07-2024 15:23:46.51 - DEBUG - Conversion to type FLOAT succeeded for feature "median_asking_price_for_vacant_for-sale_homecondo"
02-07-2024 15:23:46.51 - DEBUG - Conversion to type FLOAT succeeded for feature "Number_of_Homes"
02-07-2024 15:23:46.52 - DEBUG - Conversion to type FLOAT succeeded for feature "Count_of_Abnb"
02-07-2024 15:23:46.52 - DEBUG - Conversion to type FLOAT succeeded for feature "Density_of_Abnb"
02-07-2024 15:23:46.52 - INFO - Completed feature type conversion for 23 feature(s) in 0.035113 seconds
02-07-2024 15:23:46.52 - INFO - AutoClean process completed in 1.709954 seconds
